app/build/intermediates/manifest_merge_blame_file/debug/processDebugMainManifest/manifest-merger-blame-debug-report.txt
1<?xml version="1.0" encoding="utf-8"?>
2<manifest xmlns:android="http://schemas.android.com/apk/res/android"
3    package="com.example.movildilo"
4    android:versionCode="1"
5    android:versionName="1.0" >
6
7    <uses-sdk
7-->INJECTED
8        android:minSdkVersion="24"
8-->INJECTED
9        android:targetSdkVersion="34" />
9-->INJECTED
10
11    <uses-permission android:name="android.permission.INTERNET" />
11-->src\main\AndroidManifest.xml:5:5-67
11-->src\main\AndroidManifest.xml:5:22-64
12    <uses-permission android:name="android.permission.RECORD_AUDIO" />
12-->src\main\AndroidManifest.xml:6:5-71
12-->src\main\AndroidManifest.xml:6:22-68
13    <uses-permission android:name="android.permission.ACCESS_NETWORK_STATE" />
13-->src\main\AndroidManifest.xml:7:5-79
13-->src\main\AndroidManifest.xml:7:22-76
14
15    <permission
15-->[androidx.core:core:1.13.1] AndroidManifest.xml:22:5-24:47
16        android:name="com.example.movildilo.DYNAMIC_RECEIVER_NOT_EXPORTED_PERMISSION"
16-->[androidx.core:core:1.13.1] AndroidManifest.xml:23:9-81
17        android:protectionLevel="signature" />
17-->[androidx.core:core:1.13.1] AndroidManifest.xml:24:9-44
18
19    <uses-permission android:name="com.example.movildilo.DYNAMIC_RECEIVER_NOT_EXPORTED_PERMISSION" />
19-->[androidx.core:core:1.13.1] AndroidManifest.xml:26:5-97
19-->[androidx.core:core:1.13.1] AndroidManifest.xml:26:22-94
20
21    <application
21-->src\main\AndroidManifest.xml:9:5-167:19
22        android:name="com.example.movildilo.DiloApplication"
22-->src\main\AndroidManifest.xml:10:9-40
23        android:allowBackup="true"
23-->src\main\AndroidManifest.xml:11:9-35
24        android:appComponentFactory="androidx.core.app.CoreComponentFactory"
24-->[androidx.core:core:1.13.1] AndroidManifest.xml:28:18-86
25        android:dataExtractionRules="@xml/data_extraction_rules"
25-->src\main\AndroidManifest.xml:12:9-65
26        android:debuggable="true"
27        android:extractNativeLibs="false"
27-->INJECTED
28        android:fullBackupContent="@xml/backup_rules"
28-->src\main\AndroidManifest.xml:13:9-54
29        android:icon="@mipmap/ic_launcher"
29-->src\main\AndroidManifest.xml:14:9-43
30        android:label="Dilo"
30-->src\main\AndroidManifest.xml:15:9-29
31        android:roundIcon="@mipmap/ic_launcher_round"
31-->src\main\AndroidManifest.xml:16:9-54
32        android:supportsRtl="true"
32-->src\main\AndroidManifest.xml:17:9-35
33        android:testOnly="true"
34        android:theme="@style/Theme.MaterialComponents.Light.NoActionBar"
34-->src\main\AndroidManifest.xml:18:9-74
35        android:usesCleartextTraffic="true" >
35-->src\main\AndroidManifest.xml:19:9-44
36
37        <!-- PUNTO DE ENTRADA ÚNICO DE LA APP -->
38        <activity
38-->src\main\AndroidManifest.xml:22:9-31:20
39            android:name="com.example.movildilo.ui.main.MainActivity"
39-->src\main\AndroidManifest.xml:23:13-49
40            android:exported="true"
40-->src\main\AndroidManifest.xml:24:13-36
41            android:windowSoftInputMode="adjustResize" >
41-->src\main\AndroidManifest.xml:25:13-55
42            <intent-filter>
42-->src\main\AndroidManifest.xml:26:13-30:29
43                <action android:name="android.intent.action.MAIN" />
43-->src\main\AndroidManifest.xml:27:17-69
43-->src\main\AndroidManifest.xml:27:25-66
44
45                <category android:name="android.intent.category.LAUNCHER" />
45-->src\main\AndroidManifest.xml:29:17-77
45-->src\main\AndroidManifest.xml:29:27-74
46            </intent-filter>
47        </activity>
48
49        <!-- AUTENTICACIÓN -->
50        <activity
50-->src\main\AndroidManifest.xml:34:9-37:58
51            android:name="com.example.movildilo.ui.auth.LoginActivity"
51-->src\main\AndroidManifest.xml:35:13-50
52            android:exported="false"
52-->src\main\AndroidManifest.xml:36:13-37
53            android:windowSoftInputMode="adjustResize" />
53-->src\main\AndroidManifest.xml:37:13-55
54        <activity
54-->src\main\AndroidManifest.xml:38:9-41:58
55            android:name="com.example.movildilo.ui.auth.RegistroActivity"
55-->src\main\AndroidManifest.xml:39:13-53
56            android:exported="false"
56-->src\main\AndroidManifest.xml:40:13-37
57            android:windowSoftInputMode="adjustResize" />
57-->src\main\AndroidManifest.xml:41:13-55
58        <activity
58-->src\main\AndroidManifest.xml:42:9-46:58
59            android:name="com.example.movildilo.ui.auth.RegistroNegocioActivity"
59-->src\main\AndroidManifest.xml:43:13-60
60            android:exported="false"
60-->src\main\AndroidManifest.xml:44:13-37
61            android:windowSoftInputMode="adjustResize" />
61-->src\main\AndroidManifest.xml:46:13-55
62        <activity
62-->src\main\AndroidManifest.xml:47:9-50:58
63            android:name="com.example.movildilo.ui.auth.SelectRoleActivity"
63-->src\main\AndroidManifest.xml:48:13-55
64            android:exported="false"
64-->src\main\AndroidManifest.xml:49:13-37
65            android:windowSoftInputMode="adjustResize" />
65-->src\main\AndroidManifest.xml:50:13-55
66
67        <!-- DASHBOARDS -->
68        <activity
68-->src\main\AndroidManifest.xml:53:9-56:58
69            android:name="com.example.movildilo.ui.dashboard.BodegueroActivity"
69-->src\main\AndroidManifest.xml:54:13-59
70            android:exported="false"
70-->src\main\AndroidManifest.xml:55:13-37
71            android:windowSoftInputMode="adjustResize" />
71-->src\main\AndroidManifest.xml:56:13-55
72        <activity
72-->src\main\AndroidManifest.xml:57:9-60:58
73            android:name="com.example.movildilo.ui.dashboard.PropietarioActivity"
73-->src\main\AndroidManifest.xml:58:13-61
74            android:exported="false"
74-->src\main\AndroidManifest.xml:59:13-37
75            android:windowSoftInputMode="adjustResize" />
75-->src\main\AndroidManifest.xml:60:13-55
76        <activity
76-->src\main\AndroidManifest.xml:61:9-64:58
77            android:name="com.example.movildilo.ui.dashboard.VendedorActivity"
77-->src\main\AndroidManifest.xml:62:13-58
78            android:exported="false"
78-->src\main\AndroidManifest.xml:63:13-37
79            android:windowSoftInputMode="adjustResize" />
79-->src\main\AndroidManifest.xml:64:13-55
80
81        <!-- OTROS MÓDULOS -->
82        <activity
82-->src\main\AndroidManifest.xml:67:9-70:58
83            android:name="com.example.movildilo.ui.propietario.Mi_equipo"
83-->src\main\AndroidManifest.xml:68:13-53
84            android:exported="false"
84-->src\main\AndroidManifest.xml:69:13-37
85            android:windowSoftInputMode="adjustResize" />
85-->src\main\AndroidManifest.xml:70:13-55
86        <activity
86-->src\main\AndroidManifest.xml:71:9-74:58
87            android:name="com.example.movildilo.ui.propietario.Perfil"
87-->src\main\AndroidManifest.xml:72:13-50
88            android:exported="false"
88-->src\main\AndroidManifest.xml:73:13-37
89            android:windowSoftInputMode="adjustResize" />
89-->src\main\AndroidManifest.xml:74:13-55
90        <activity
90-->src\main\AndroidManifest.xml:75:9-78:59
91            android:name="com.example.movildilo.ui.propietario.ClientesActivity"
91-->src\main\AndroidManifest.xml:76:13-60
92            android:exported="false"
92-->src\main\AndroidManifest.xml:77:13-37
93            android:windowSoftInputMode="adjustNothing" />
93-->src\main\AndroidManifest.xml:78:13-56
94        <activity
94-->src\main\AndroidManifest.xml:79:9-82:59
95            android:name="com.example.movildilo.ui.propietario.ConfiguracionNegocioActivity"
95-->src\main\AndroidManifest.xml:80:13-72
96            android:exported="false"
96-->src\main\AndroidManifest.xml:81:13-37
97            android:windowSoftInputMode="adjustNothing" />
97-->src\main\AndroidManifest.xml:82:13-56
98        <activity
98-->src\main\AndroidManifest.xml:83:9-86:59
99            android:name="com.example.movildilo.ui.propietario.HistorialFacturasActivity"
99-->src\main\AndroidManifest.xml:84:13-69
100            android:exported="false"
100-->src\main\AndroidManifest.xml:85:13-37
101            android:windowSoftInputMode="adjustNothing" />
101-->src\main\AndroidManifest.xml:86:13-56
102        <activity
102-->src\main\AndroidManifest.xml:87:9-90:57
103            android:name="com.example.movildilo.ui.propietario.CatalogoProductosActivity"
103-->src\main\AndroidManifest.xml:88:13-69
104            android:exported="false"
104-->src\main\AndroidManifest.xml:89:13-37
105            android:windowSoftInputMode="adjustResize" />
105-->src\main\AndroidManifest.xml:90:13-55
106        <activity
106-->src\main\AndroidManifest.xml:91:9-94:57
107            android:name="com.example.movildilo.ui.propietario.KardexActivity"
107-->src\main\AndroidManifest.xml:92:13-58
108            android:exported="false"
108-->src\main\AndroidManifest.xml:93:13-37
109            android:windowSoftInputMode="adjustResize" />
109-->src\main\AndroidManifest.xml:94:13-55
110        <activity
110-->src\main\AndroidManifest.xml:95:9-99:57
111            android:name="com.example.movildilo.ui.propietario.InventarioBodegasActivity"
111-->src\main\AndroidManifest.xml:96:13-69
112            android:exported="false"
112-->src\main\AndroidManifest.xml:97:13-37
113            android:theme="@style/Theme.MaterialComponents.DayNight.NoActionBar"
113-->src\main\AndroidManifest.xml:98:13-81
114            android:windowSoftInputMode="adjustResize" />
114-->src\main\AndroidManifest.xml:99:13-55
115        <activity
115-->src\main\AndroidManifest.xml:100:9-103:57
116            android:name="com.example.movildilo.ui.bodegas.BodegasActivity"
116-->src\main\AndroidManifest.xml:101:13-55
117            android:exported="false"
117-->src\main\AndroidManifest.xml:102:13-37
118            android:windowSoftInputMode="adjustResize" />
118-->src\main\AndroidManifest.xml:103:13-55
119        <activity
119-->src\main\AndroidManifest.xml:104:9-107:57
120            android:name="com.example.movildilo.ui.propietario.ProveedoresActivity"
120-->src\main\AndroidManifest.xml:105:13-63
121            android:exported="false"
121-->src\main\AndroidManifest.xml:106:13-37
122            android:windowSoftInputMode="adjustResize" />
122-->src\main\AndroidManifest.xml:107:13-55
123        <activity
123-->src\main\AndroidManifest.xml:108:9-111:58
124            android:name="com.example.movildilo.ui.propietario.ComprasActivity"
124-->src\main\AndroidManifest.xml:109:13-59
125            android:exported="false"
125-->src\main\AndroidManifest.xml:110:13-37
126            android:windowSoftInputMode="adjustResize" />
126-->src\main\AndroidManifest.xml:111:13-55
127        <activity
127-->src\main\AndroidManifest.xml:113:9-116:57
128            android:name="com.example.movildilo.ui.propietario.CategoriasActivity"
128-->src\main\AndroidManifest.xml:114:13-62
129            android:exported="false"
129-->src\main\AndroidManifest.xml:115:13-37
130            android:windowSoftInputMode="adjustResize" />
130-->src\main\AndroidManifest.xml:116:13-55
131        <activity
131-->src\main\AndroidManifest.xml:118:9-121:57
132            android:name="com.example.movildilo.ui.propietario.CuentasPorCobrarActivity"
132-->src\main\AndroidManifest.xml:119:13-68
133            android:exported="false"
133-->src\main\AndroidManifest.xml:120:13-37
134            android:windowSoftInputMode="adjustResize" />
134-->src\main\AndroidManifest.xml:121:13-55
135        <activity
135-->src\main\AndroidManifest.xml:123:9-126:57
136            android:name="com.example.movildilo.ui.propietario.RendimientoComercialActivity"
136-->src\main\AndroidManifest.xml:124:13-72
137            android:exported="false"
137-->src\main\AndroidManifest.xml:125:13-37
138            android:windowSoftInputMode="adjustResize" />
138-->src\main\AndroidManifest.xml:126:13-55
139        <activity
139-->src\main\AndroidManifest.xml:128:9-131:57
140            android:name="com.example.movildilo.ui.admin.AdminActivity"
140-->src\main\AndroidManifest.xml:129:13-51
141            android:exported="false"
141-->src\main\AndroidManifest.xml:130:13-37
142            android:windowSoftInputMode="adjustResize" />
142-->src\main\AndroidManifest.xml:131:13-55
143        <activity
143-->src\main\AndroidManifest.xml:133:9-135:40
144            android:name="com.example.movildilo.ui.admin.AdminIvaActivity"
144-->src\main\AndroidManifest.xml:134:13-54
145            android:exported="false" />
145-->src\main\AndroidManifest.xml:135:13-37
146        <activity
146-->src\main\AndroidManifest.xml:137:9-140:57
147            android:name="com.example.movildilo.ui.admin.AdminNegociosActivity"
147-->src\main\AndroidManifest.xml:138:13-59
148            android:exported="false"
148-->src\main\AndroidManifest.xml:139:13-37
149            android:windowSoftInputMode="adjustResize" />
149-->src\main\AndroidManifest.xml:140:13-55
150        <activity
150-->src\main\AndroidManifest.xml:142:9-145:57
151            android:name="com.example.movildilo.ui.admin.AdminUsuariosActivity"
151-->src\main\AndroidManifest.xml:143:13-59
152            android:exported="false"
152-->src\main\AndroidManifest.xml:144:13-37
153            android:windowSoftInputMode="adjustResize" />
153-->src\main\AndroidManifest.xml:145:13-55
154        <activity
154-->src\main\AndroidManifest.xml:147:9-150:57
155            android:name="com.example.movildilo.ui.auth.TerminosActivity"
155-->src\main\AndroidManifest.xml:148:13-53
156            android:exported="false"
156-->src\main\AndroidManifest.xml:149:13-37
157            android:windowSoftInputMode="adjustResize" />
157-->src\main\AndroidManifest.xml:150:13-55
158        <activity
158-->src\main\AndroidManifest.xml:152:9-155:57
159            android:name="com.example.movildilo.ui.admin.AdminParroquiasActivity"
159-->src\main\AndroidManifest.xml:153:13-61
160            android:exported="false"
160-->src\main\AndroidManifest.xml:154:13-37
161            android:windowSoftInputMode="adjustResize" />
161-->src\main\AndroidManifest.xml:155:13-55
162
163        <provider
163-->INJECTED
164            android:name="androidx.core.content.FileProvider"
164-->src\main\AndroidManifest.xml:158:13-62
165            android:authorities="com.example.movildilo.fileprovider"
165-->INJECTED
166            android:exported="false"
166-->src\main\AndroidManifest.xml:160:13-37
167            android:grantUriPermissions="true" >
167-->src\main\AndroidManifest.xml:161:13-47
168            <meta-data
168-->src\main\AndroidManifest.xml:162:13-164:59
169                android:name="android.support.FILE_PROVIDER_PATHS"
169-->src\main\AndroidManifest.xml:163:17-67
170                android:resource="@drawable/file_paths" />
170-->src\main\AndroidManifest.xml:164:17-56
171        </provider>
172        <provider
172-->[androidx.emoji2:emoji2:1.3.0] AndroidManifest.xml:24:9-32:20
173            android:name="androidx.startup.InitializationProvider"
173-->[androidx.emoji2:emoji2:1.3.0] AndroidManifest.xml:25:13-67
174            android:authorities="com.example.movildilo.androidx-startup"
174-->[androidx.emoji2:emoji2:1.3.0] AndroidManifest.xml:26:13-68
175            android:exported="false" >
175-->[androidx.emoji2:emoji2:1.3.0] AndroidManifest.xml:27:13-37
176            <meta-data
176-->[androidx.emoji2:emoji2:1.3.0] AndroidManifest.xml:29:13-31:52
177                android:name="androidx.emoji2.text.EmojiCompatInitializer"
177-->[androidx.emoji2:emoji2:1.3.0] AndroidManifest.xml:30:17-75
178                android:value="androidx.startup" />
178-->[androidx.emoji2:emoji2:1.3.0] AndroidManifest.xml:31:17-49
179            <meta-data
179-->[androidx.lifecycle:lifecycle-process:2.6.2] AndroidManifest.xml:29:13-31:52
180                android:name="androidx.lifecycle.ProcessLifecycleInitializer"
180-->[androidx.lifecycle:lifecycle-process:2.6.2] AndroidManifest.xml:30:17-78
181                android:value="androidx.startup" />
181-->[androidx.lifecycle:lifecycle-process:2.6.2] AndroidManifest.xml:31:17-49
182            <meta-data
182-->[androidx.profileinstaller:profileinstaller:1.3.1] AndroidManifest.xml:29:13-31:52
183                android:name="androidx.profileinstaller.ProfileInstallerInitializer"
183-->[androidx.profileinstaller:profileinstaller:1.3.1] AndroidManifest.xml:30:17-85
184                android:value="androidx.startup" />
184-->[androidx.profileinstaller:profileinstaller:1.3.1] AndroidManifest.xml:31:17-49
185        </provider>
186
187        <uses-library
187-->[androidx.window:window:1.0.0] AndroidManifest.xml:25:9-27:40
188            android:name="androidx.window.extensions"
188-->[androidx.window:window:1.0.0] AndroidManifest.xml:26:13-54
189            android:required="false" />
189-->[androidx.window:window:1.0.0] AndroidManifest.xml:27:13-37
190        <uses-library
190-->[androidx.window:window:1.0.0] AndroidManifest.xml:28:9-30:40
191            android:name="androidx.window.sidecar"
191-->[androidx.window:window:1.0.0] AndroidManifest.xml:29:13-51
192            android:required="false" />
192-->[androidx.window:window:1.0.0] AndroidManifest.xml:30:13-37
193
194        <receiver
194-->[androidx.profileinstaller:profileinstaller:1.3.1] AndroidManifest.xml:34:9-52:20
195            android:name="androidx.profileinstaller.ProfileInstallReceiver"
195-->[androidx.profileinstaller:profileinstaller:1.3.1] AndroidManifest.xml:35:13-76
196            android:directBootAware="false"
196-->[androidx.profileinstaller:profileinstaller:1.3.1] AndroidManifest.xml:36:13-44
197            android:enabled="true"
197-->[androidx.profileinstaller:profileinstaller:1.3.1] AndroidManifest.xml:37:13-35
198            android:exported="true"
198-->[androidx.profileinstaller:profileinstaller:1.3.1] AndroidManifest.xml:38:13-36
199            android:permission="android.permission.DUMP" >
199-->[androidx.profileinstaller:profileinstaller:1.3.1] AndroidManifest.xml:39:13-57
200            <intent-filter>
200-->[androidx.profileinstaller:profileinstaller:1.3.1] AndroidManifest.xml:40:13-42:29
201                <action android:name="androidx.profileinstaller.action.INSTALL_PROFILE" />
201-->[androidx.profileinstaller:profileinstaller:1.3.1] AndroidManifest.xml:41:17-91
201-->[androidx.profileinstaller:profileinstaller:1.3.1] AndroidManifest.xml:41:25-88
202            </intent-filter>
203            <intent-filter>
203-->[androidx.profileinstaller:profileinstaller:1.3.1] AndroidManifest.xml:43:13-45:29
204                <action android:name="androidx.profileinstaller.action.SKIP_FILE" />
204-->[androidx.profileinstaller:profileinstaller:1.3.1] AndroidManifest.xml:44:17-85
204-->[androidx.profileinstaller:profileinstaller:1.3.1] AndroidManifest.xml:44:25-82
205            </intent-filter>
206            <intent-filter>
206-->[androidx.profileinstaller:profileinstaller:1.3.1] AndroidManifest.xml:46:13-48:29
207                <action android:name="androidx.profileinstaller.action.SAVE_PROFILE" />
207-->[androidx.profileinstaller:profileinstaller:1.3.1] AndroidManifest.xml:47:17-88
207-->[androidx.profileinstaller:profileinstaller:1.3.1] AndroidManifest.xml:47:25-85
208            </intent-filter>
209            <intent-filter>
209-->[androidx.profileinstaller:profileinstaller:1.3.1] AndroidManifest.xml:49:13-51:29
210                <action android:name="androidx.profileinstaller.action.BENCHMARK_OPERATION" />
210-->[androidx.profileinstaller:profileinstaller:1.3.1] AndroidManifest.xml:50:17-95
210-->[androidx.profileinstaller:profileinstaller:1.3.1] AndroidManifest.xml:50:25-92
211            </intent-filter>
212        </receiver>
213    </application>
214
215</manifest>